bdd g1
[4](+) 0x12cdb00 (1)
  [2](+) 0x12cd970 (3)
    [0](+) 0x12cac20 (16)
    [0](-) 0x12cac20 (16) (*)
  [0](-) 0x12cac20 (16) (*)

==> Total #BddNodes : 3

bdd g2
[5](-) 0x12ceb60 (1)
  [3](+) 0x12cd9c0 (3)
    [0](+) 0x12cac20 (17)
    [0](-) 0x12cac20 (17) (*)
  [0](+) 0x12cac20 (17) (*)

==> Total #BddNodes : 3

bdd g3
[2](+) 0x12cebb0 (1)
  [1](+) 0x12cc230 (3)
    [0](+) 0x12cac20 (18)
    [0](-) 0x12cac20 (18) (*)
  [0](-) 0x12cac20 (18) (*)

==> Total #BddNodes : 3

bdd g4
[4](+) 0x12cec50 (1)
  [3](+) 0x12cec00 (1)
    [2](+) 0x12cd970 (4)
      [0](+) 0x12cac20 (20)
      [0](-) 0x12cac20 (20) (*)
    [0](-) 0x12cac20 (20) (*)
  [0](-) 0x12cac20 (20) (*)

==> Total #BddNodes : 4

bdd g5
[5](+) 0x12ced40 (1)
  [4](+) 0x12cecf0 (1)
    [3](+) 0x12ceca0 (1)
      [2](+) 0x12cd970 (5)
        [0](+) 0x12cac20 (21)
        [0](-) 0x12cac20 (21) (*)
      [0](+) 0x12cac20 (21) (*)
    [3](-) 0x12cd9c0 (4)
      [0](+) 0x12cac20 (21) (*)
      [0](-) 0x12cac20 (21) (*)
  [4](+) 0x12cdb00 (2)
    [2](+) 0x12cd970 (5) (*)
    [0](-) 0x12cac20 (21) (*)

==> Total #BddNodes : 7

bdd g6
[5](+) 0x12cedd0 (1)
  [4](+) 0x12cedb0 (1)
    [0](+) 0x12cac20 (22)
    [3](-) 0x12cd9c0 (5)
      [0](+) 0x12cac20 (22) (*)
      [0](-) 0x12cac20 (22) (*)
  [4](+) 0x12cda10 (3)
    [0](+) 0x12cac20 (22) (*)
    [0](-) 0x12cac20 (22) (*)

==> Total #BddNodes : 5

bdd g7
[5](+) 0x12cef40 (1)
  [4](+) 0x12ceeb0 (1)
    [2](+) 0x12cebb0 (4)
      [1](+) 0x12cc230 (3)
        [0](+) 0x12cac20 (24)
        [0](-) 0x12cac20 (24) (*)
      [0](-) 0x12cac20 (24) (*)
    [3](-) 0x12cee40 (1)
      [0](+) 0x12cac20 (24) (*)
      [2](-) 0x12cebb0 (4) (*)
  [4](+) 0x12ceed0 (1)
    [2](+) 0x12cebb0 (4) (*)
    [0](-) 0x12cac20 (24) (*)

==> Total #BddNodes : 7

bdd g8
[5](+) 0x12cf020 (1)
  [4](+) 0x12cef80 (1)
    [3](+) 0x12cef60 (2)
      [2](+) 0x12cd970 (6)
        [0](+) 0x12cac20 (25)
        [0](-) 0x12cac20 (25) (*)
      [2](+) 0x12cebb0 (5)
        [1](+) 0x12cc230 (3)
          [0](+) 0x12cac20 (25) (*)
          [0](-) 0x12cac20 (25) (*)
        [0](-) 0x12cac20 (25) (*)
    [3](-) 0x12cee40 (2)
      [0](+) 0x12cac20 (25) (*)
      [2](-) 0x12cebb0 (5) (*)
  [4](+) 0x12cefd0 (1)
    [3](+) 0x12cef60 (2) (*)
    [0](-) 0x12cac20 (25) (*)

==> Total #BddNodes : 9

bdd g9
[6](+) 0x12cf070 (1)
  [5](+) 0x12cf020 (2)
    [4](+) 0x12cef80 (1)
      [3](+) 0x12cef60 (2)
        [2](+) 0x12cd970 (6)
          [0](+) 0x12cac20 (26)
          [0](-) 0x12cac20 (26) (*)
        [2](+) 0x12cebb0 (5)
          [1](+) 0x12cc230 (3)
            [0](+) 0x12cac20 (26) (*)
            [0](-) 0x12cac20 (26) (*)
          [0](-) 0x12cac20 (26) (*)
      [3](-) 0x12cee40 (2)
        [0](+) 0x12cac20 (26) (*)
        [2](-) 0x12cebb0 (5) (*)
    [4](+) 0x12cefd0 (1)
      [3](+) 0x12cef60 (2) (*)
      [0](-) 0x12cac20 (26) (*)
  [0](-) 0x12cac20 (26) (*)

==> Total #BddNodes : 10

