bdd g1
[4](+) 0x95fb00 (1)
  [2](+) 0x95f970 (3)
    [0](+) 0x95e310 (16)
    [0](-) 0x95e310 (16) (*)
  [0](-) 0x95e310 (16) (*)

==> Total #BddNodes : 3

bdd g2
[5](-) 0x960b60 (1)
  [3](+) 0x95f9c0 (3)
    [0](+) 0x95e310 (17)
    [0](-) 0x95e310 (17) (*)
  [0](+) 0x95e310 (17) (*)

==> Total #BddNodes : 3

bdd g3
[2](+) 0x960bb0 (1)
  [1](+) 0x95f920 (3)
    [0](+) 0x95e310 (18)
    [0](-) 0x95e310 (18) (*)
  [0](-) 0x95e310 (18) (*)

==> Total #BddNodes : 3

bdd g4
[4](+) 0x960c50 (1)
  [3](+) 0x960c00 (1)
    [2](+) 0x95f970 (4)
      [0](+) 0x95e310 (20)
      [0](-) 0x95e310 (20) (*)
    [0](-) 0x95e310 (20) (*)
  [0](-) 0x95e310 (20) (*)

==> Total #BddNodes : 4

bdd g5
[5](+) 0x960d40 (1)
  [4](+) 0x960cf0 (1)
    [3](+) 0x960ca0 (1)
      [2](+) 0x95f970 (5)
        [0](+) 0x95e310 (21)
        [0](-) 0x95e310 (21) (*)
      [0](+) 0x95e310 (21) (*)
    [3](-) 0x95f9c0 (4)
      [0](+) 0x95e310 (21) (*)
      [0](-) 0x95e310 (21) (*)
  [4](+) 0x95fb00 (2)
    [2](+) 0x95f970 (5) (*)
    [0](-) 0x95e310 (21) (*)

==> Total #BddNodes : 7

bdd g6
[5](+) 0x960de0 (1)
  [4](+) 0x960d90 (1)
    [0](+) 0x95e310 (22)
    [3](-) 0x95f9c0 (5)
      [0](+) 0x95e310 (22) (*)
      [0](-) 0x95e310 (22) (*)
  [4](+) 0x95fa10 (3)
    [0](+) 0x95e310 (22) (*)
    [0](-) 0x95e310 (22) (*)

==> Total #BddNodes : 5

bdd g7
[5](+) 0x960f20 (1)
  [4](+) 0x960e80 (1)
    [2](+) 0x960bb0 (4)
      [1](+) 0x95f920 (3)
        [0](+) 0x95e310 (24)
        [0](-) 0x95e310 (24) (*)
      [0](-) 0x95e310 (24) (*)
    [3](-) 0x960e30 (1)
      [0](+) 0x95e310 (24) (*)
      [2](-) 0x960bb0 (4) (*)
  [4](+) 0x960ed0 (1)
    [2](+) 0x960bb0 (4) (*)
    [0](-) 0x95e310 (24) (*)

==> Total #BddNodes : 7

bdd g8
[5](+) 0x961060 (1)
  [4](+) 0x960fc0 (1)
    [3](+) 0x960f70 (2)
      [2](+) 0x95f970 (6)
        [0](+) 0x95e310 (25)
        [0](-) 0x95e310 (25) (*)
      [2](+) 0x960bb0 (5)
        [1](+) 0x95f920 (3)
          [0](+) 0x95e310 (25) (*)
          [0](-) 0x95e310 (25) (*)
        [0](-) 0x95e310 (25) (*)
    [3](-) 0x960e30 (2)
      [0](+) 0x95e310 (25) (*)
      [2](-) 0x960bb0 (5) (*)
  [4](+) 0x961010 (1)
    [3](+) 0x960f70 (2) (*)
    [0](-) 0x95e310 (25) (*)

==> Total #BddNodes : 9

bdd g9
[6](+) 0x9610b0 (1)
  [5](+) 0x961060 (2)
    [4](+) 0x960fc0 (1)
      [3](+) 0x960f70 (2)
        [2](+) 0x95f970 (6)
          [0](+) 0x95e310 (26)
          [0](-) 0x95e310 (26) (*)
        [2](+) 0x960bb0 (5)
          [1](+) 0x95f920 (3)
            [0](+) 0x95e310 (26) (*)
            [0](-) 0x95e310 (26) (*)
          [0](-) 0x95e310 (26) (*)
      [3](-) 0x960e30 (2)
        [0](+) 0x95e310 (26) (*)
        [2](-) 0x960bb0 (5) (*)
    [4](+) 0x961010 (1)
      [3](+) 0x960f70 (2) (*)
      [0](-) 0x95e310 (26) (*)
  [0](-) 0x95e310 (26) (*)

==> Total #BddNodes : 10

