g9(g5 = 1)
[6](+) 0x715090 (2)
  [5](+) 0x715040 (2)
    [4](+) 0x714fa0 (1)
      [3](+) 0x714f50 (2)
        [2](+) 0x714970 (6)
          [0](+) 0x713310 (26)
          [0](-) 0x713310 (26) (*)
        [2](+) 0x714ba0 (5)
          [1](+) 0x714920 (3)
            [0](+) 0x713310 (26) (*)
            [0](-) 0x713310 (26) (*)
          [0](-) 0x713310 (26) (*)
      [3](-) 0x714e20 (2)
        [0](+) 0x713310 (26) (*)
        [2](-) 0x714ba0 (5) (*)
    [4](+) 0x714ff0 (1)
      [3](+) 0x714f50 (2) (*)
      [0](-) 0x713310 (26) (*)
  [0](-) 0x713310 (26) (*)

==> Total #BddNodes : 10

g9(g5 = 0)
[0](-) 0x713310 (27)

==> Total #BddNodes : 1

bdd diff
[6](+) 0x715090 (3)
  [5](+) 0x715040 (2)
    [4](+) 0x714fa0 (1)
      [3](+) 0x714f50 (2)
        [2](+) 0x714970 (6)
          [0](+) 0x713310 (27)
          [0](-) 0x713310 (27) (*)
        [2](+) 0x714ba0 (5)
          [1](+) 0x714920 (3)
            [0](+) 0x713310 (27) (*)
            [0](-) 0x713310 (27) (*)
          [0](-) 0x713310 (27) (*)
      [3](-) 0x714e20 (2)
        [0](+) 0x713310 (27) (*)
        [2](-) 0x714ba0 (5) (*)
    [4](+) 0x714ff0 (1)
      [3](+) 0x714f50 (2) (*)
      [0](-) 0x713310 (27) (*)
  [0](-) 0x713310 (27) (*)

==> Total #BddNodes : 10

